
> web_ui@0.0.0 dev
> vite --port 5173


  VITE v7.3.1  ready in 286 ms

  ➜  Local:   http://localhost:5173/
  ➜  Network: use --host to expose
11:31:00 [vite] (client) page reload index.html
11:31:00 [vite] (client) hmr update /src/App.tsx, /src/index.css
11:31:00 [vite] (client) hmr update /src/components/Dashboard.tsx, /src/index.css
11:31:00 [vite] (client) hmr update /src/index.css, /src/components/DateRangePicker.tsx
11:31:00 [vite] (client) hmr update /src/components/PositionDetailModal.tsx, /src/index.css
11:31:00 [vite] (client) hmr update /src/components/Positions.tsx, /src/index.css
11:31:00 [vite] (client) hmr update /src/components/Settings.tsx, /src/index.css
11:31:00 [vite] (client) hmr update /src/index.css, /src/components/SignalChartModal.tsx
11:31:00 [vite] (client) hmr update /src/components/SignalRadar.tsx, /src/index.css
11:31:00 [vite] (client) hmr update /src/components/mode-toggle.tsx, /src/index.css
11:31:00 [vite] (client) hmr update /src/index.css, /src/components/scoring/ActionButtons.tsx
11:31:00 [vite] (client) hmr update /src/index.css, /src/components/scoring/ClassicModePanel.tsx
11:31:00 [vite] (client) hmr update /src/index.css, /src/components/scoring/ModeSelector.tsx
11:31:00 [vite] (client) hmr update /src/index.css, /src/components/scoring/ParameterSlider.tsx
11:31:00 [vite] (client) hmr update /src/index.css, /src/components/scoring/ProgressiveModePanel.tsx
11:31:00 [vite] (client) hmr update /src/index.css, /src/components/scoring/ScoreDistributionChart.tsx
11:31:00 [vite] (client) hmr update /src/index.css, /src/components/scoring/WeightConfig.tsx
11:31:00 [vite] (client) hmr update /src/index.css, /src/components/scoring/WeightSlider.tsx
11:31:00 [vite] (client) hmr update /src/index.css, /src/components/scoring/index.tsx
11:31:00 [vite] (client) hmr update /src/index.css, /src/components/scoring/index.tsx
11:31:00 [vite] (client) hmr update /src/components/scoring/index.tsx, /src/index.css
11:31:00 [vite] (client) hmr update /src/components/theme-provider.tsx, /src/index.css
11:31:00 [vite] (client) hmr update /src/index.css, /src/components/ui/badge.tsx
11:31:00 [vite] (client) hmr update /src/index.css, /src/components/ui/button.tsx
11:31:00 [vite] (client) hmr update /src/index.css, /src/components/ui/calendar.tsx
11:31:00 [vite] (client) hmr update /src/index.css, /src/components/ui/card.tsx
11:31:00 [vite] (client) hmr update /src/index.css, /src/components/ui/checkbox.tsx
11:31:00 [vite] (client) hmr update /src/index.css, /src/components/ui/dialog.tsx
11:31:00 [vite] (client) hmr update /src/index.css, /src/components/ui/dropdown-menu.tsx
11:31:00 [vite] (client) hmr update /src/index.css, /src/components/ui/info-tooltip.tsx
11:31:00 [vite] (client) hmr update /src/index.css, /src/components/ui/input.tsx
11:31:00 [vite] (client) hmr update /src/index.css, /src/components/ui/label.tsx
11:31:00 [vite] (client) hmr update /src/index.css, /src/components/ui/popover.tsx
11:31:00 [vite] (client) hmr update /src/index.css, /src/components/ui/radio-group.tsx
11:31:00 [vite] (client) hmr update /src/index.css, /src/components/ui/scroll-area.tsx
11:31:00 [vite] (client) hmr update /src/index.css, /src/components/ui/select.tsx
11:31:00 [vite] (client) hmr update /src/index.css, /src/components/ui/slider.tsx
11:31:00 [vite] (client) hmr update /src/components/ui/sonner.tsx, /src/index.css
11:31:00 [vite] (client) hmr update /src/index.css, /src/components/ui/switch.tsx
11:31:00 [vite] (client) hmr update /src/index.css, /src/components/ui/table.tsx
11:31:00 [vite] (client) hmr update /src/components/ui/tabs.tsx, /src/index.css
11:31:00 [vite] (client) hmr update /src/index.css, /src/components/ui/tooltip.tsx
11:31:00 [vite] (client) hmr update /src/App.tsx, /src/index.css
11:31:00 [vite] (client) hmr update /src/index.css
11:31:00 [vite] (client) page reload src/main.tsx
11:31:00 [vite] changed tsconfig file detected: /Users/jiangwei/Documents/2026/project/monitor/web_ui/tsconfig.app.json - Clearing cache and forcing full-reload to ensure TypeScript is compiled with updated config values.
11:31:00 [vite] changed tsconfig file detected: /Users/jiangwei/Documents/2026/project/monitor/web_ui/tsconfig.json - Clearing cache and forcing full-reload to ensure TypeScript is compiled with updated config values.
11:31:00 [vite] vite.config.ts changed, restarting server...
11:31:00 [vite] server restarted.
